<?xml version="1.0" encoding="UTF-8"?>
<!-- Generated by org.testng.reporters.JUnitReportReporter -->
<testsuite hostname="LTIN193311" failures="0" tests="1" name="com.IdentifyNewBikes.testRunner.testRun" time="40.033" errors="0" timestamp="2024-02-27T10:05:17 IST" skipped="0">
  <testcase classname="com.IdentifyNewBikes.testRunner.testRun" name="runScenario" time="40.033"/>
  <system-out/>
</testsuite> <!-- com.IdentifyNewBikes.testRunner.testRun -->
