<?xml version="1.0" encoding="UTF-8"?>
<!-- Generated by org.testng.reporters.JUnitReportReporter -->
<testsuite hostname="DESKTOP-3047812" failures="0" tests="1" name="com.IdentifyNewBikes.testRunner.testRun" time="444.054" errors="0" timestamp="2024-02-20T22:04:59 IST" skipped="0">
  <testcase classname="com.IdentifyNewBikes.testRunner.testRun" name="runScenario" time="444.054"/>
  <system-out/>
</testsuite> <!-- com.IdentifyNewBikes.testRunner.testRun -->
