<?xml version="1.0" encoding="UTF-8"?>
<!-- Generated by org.testng.reporters.JUnitReportReporter -->
<testsuite hostname="DESKTOP-3047812" failures="0" tests="1" name="com.IdentifyNewBikes.testRunner.testRun" time="449.566" errors="0" timestamp="2024-02-19T21:29:51 IST" skipped="0">
  <testcase classname="com.IdentifyNewBikes.testRunner.testRun" name="runScenario" time="449.566"/>
  <system-out/>
</testsuite> <!-- com.IdentifyNewBikes.testRunner.testRun -->
