<?xml version="1.0" encoding="UTF-8"?>
<!-- Generated by org.testng.reporters.JUnitReportReporter -->
<testsuite hostname="DESKTOP-3047812" failures="0" tests="3" name="com.IdentifyNewBikes.testRunner.testRun" time="468.051" errors="0" timestamp="2024-02-21T23:09:06 IST" skipped="0">
  <testcase classname="com.IdentifyNewBikes.testRunner.testRun" name="runScenario" time="428.901"/>
  <system-out/>
  <testcase classname="com.IdentifyNewBikes.testRunner.testRun" name="runScenario" time="22.632"/>
  <system-out/>
  <testcase classname="com.IdentifyNewBikes.testRunner.testRun" name="runScenario" time="16.518"/>
  <system-out/>
</testsuite> <!-- com.IdentifyNewBikes.testRunner.testRun -->
