<?xml version="1.0" encoding="UTF-8"?>
<!-- Generated by org.testng.reporters.JUnitReportReporter -->
<testsuite hostname="LTIN193311" failures="0" tests="3" name="com.IdentifyNewBikes.testRunner.testRun" time="474.750" errors="0" timestamp="2024-02-21T17:02:32 IST" skipped="0">
  <testcase classname="com.IdentifyNewBikes.testRunner.testRun" name="runScenario" time="14.090"/>
  <system-out/>
  <testcase classname="com.IdentifyNewBikes.testRunner.testRun" name="runScenario" time="12.185"/>
  <system-out/>
  <testcase classname="com.IdentifyNewBikes.testRunner.testRun" name="runScenario" time="448.475"/>
  <system-out/>
</testsuite> <!-- com.IdentifyNewBikes.testRunner.testRun -->
