<?xml version="1.0" encoding="UTF-8"?>
<!-- Generated by org.testng.reporters.JUnitReportReporter -->
<testsuite hostname="DESKTOP-3047812" failures="0" tests="3" name="com.IdentifyNewBikes.testRunner.testRun" time="451.870" errors="0" timestamp="2024-02-25T18:41:03 IST" skipped="0">
  <testcase classname="com.IdentifyNewBikes.testRunner.testRun" name="runScenario" time="17.910"/>
  <system-out/>
  <testcase classname="com.IdentifyNewBikes.testRunner.testRun" name="runScenario" time="16.008"/>
  <system-out/>
  <testcase classname="com.IdentifyNewBikes.testRunner.testRun" name="runScenario" time="417.952"/>
  <system-out/>
</testsuite> <!-- com.IdentifyNewBikes.testRunner.testRun -->
