<?xml version="1.0" encoding="UTF-8"?>
<!-- Generated by org.testng.reporters.JUnitReportReporter -->
<testsuite hostname="LTIN193311" failures="0" tests="4" name="com.IdentifyNewBikes.testRunner.testRun" time="472.611" errors="0" timestamp="2024-02-19T13:10:20 IST" skipped="0">
  <testcase classname="com.IdentifyNewBikes.testRunner.testRun" name="runScenario" time="16.004"/>
  <system-out/>
  <testcase classname="com.IdentifyNewBikes.testRunner.testRun" name="runScenario" time="10.284"/>
  <system-out/>
  <testcase classname="com.IdentifyNewBikes.testRunner.testRun" name="runScenario" time="441.386"/>
  <system-out/>
  <testcase classname="com.IdentifyNewBikes.testRunner.testRun" name="runScenario" time="4.937"/>
  <system-out/>
</testsuite> <!-- com.IdentifyNewBikes.testRunner.testRun -->
