<?xml version="1.0" encoding="UTF-8"?>
<!-- Generated by org.testng.reporters.JUnitReportReporter -->
<testsuite hostname="LTIN193311" failures="1" tests="1" name="com.IdentifyNewBikes.testRunner.testRun" time="4.178" errors="0" timestamp="2024-02-19T11:23:30 IST" skipped="0">
  <testcase classname="com.IdentifyNewBikes.testRunner.testRun" name="runScenario" time="4.178">
    <failure message="expected [true] but found [false]" type="java.lang.AssertionError">
      <![CDATA[java.lang.AssertionError: expected [true] but found [false]
at org.testng.Assert.fail(Assert.java:99)
at org.testng.Assert.failNotEquals(Assert.java:1037)
at org.testng.Assert.assertTrue(Assert.java:45)
at org.testng.Assert.assertTrue(Assert.java:55)
at com.IdentifyNewBikes.stepDefinitions.usedCarsPageStepDefinition.checks_whether_is_present_in_the_Used_cars_dropdown(usedCarsPageStepDefinition.java:34)
at âœ½.Checks whether "Chennai" is present in the Used cars dropdown(file:///C:/Users/2303727/eclipse-workspace/Identify_New_Bikes/src/test/resources/featureFile/IdentifyNewBikes.feature:33)
]]>
    </failure>
  </testcase> <!-- runScenario -->
  <system-out/>
</testsuite> <!-- com.IdentifyNewBikes.testRunner.testRun -->
